[01.27 12:57:04.116] [Log] Log started.
[01.27 12:57:04.219] [Program] Sentry initialized.
[01.27 12:57:04.226] [AppCenterBootstrapper] AppCenterBootstrapper started.
[01.27 12:57:04.227] [AppCenterBootstrapper] Microsoft Windows NT 10.0.22631.0
[01.27 12:57:04.227] [AppCenterBootstrapper] .NET Framework Registry Release Key Value: 533320
[01.27 12:57:04.227] [AppCenterBootstrapper] .NET Framework 4.8 or later is installed
[01.27 12:57:04.234] [AppCenterBootstrapper] InstallConfigurationManager: Reading InstallConfigurationData...
[01.27 12:57:04.234] [AppCenterBootstrapper] InstallConfigurationManager: Reading InstallConfigurationData from payload...
[01.27 12:57:04.259] [AppCenterBootstrapper] Stamp signature not found on file 'C:\Users\ana carolina\Downloads\MobiPdf_Setup.exe'
[01.27 12:57:04.409] [AppCenterBootstrapper] InstallConfigurationManager: Storing InstallConfigurationData to global store...
[01.27 12:57:04.410] [AppCenterBootstrapper] FileInstallConfigurationDataStore: Storing configuration data...
[01.27 12:57:04.436] [AppCenterBootstrapper] FileInstallConfigurationDataStore: Configuration data stored in file: 'C:\Users\ana carolina\.mobisystems\install-configuration-data.json'.
[01.27 12:57:04.450] [AppCenterBootstrapper] ReloadingXDocumentProvider: Document path not found: c:\_MS_\MSOS_test_config.xml
[01.27 12:57:04.960] [AppCenterBootstrapper] InstallationsManager: Getting update URI for app name 'com.mobisystems.windows.appx.appcenter', version: latest...
[01.27 12:57:04.962] [AppCenterBootstrapper] InstallationsManager: Getting AppInstaller for package 'MobiSystems.MobiInstaller_bvgb55c3tfatp' from https://cfg.mobisystems.com/update/com.mobisystems.windows.appx.appcenter/package.appinstaller ...
[01.27 12:57:05.074] [AppCenterBootstrapper] InstallationsManager: Downloaded AppInstaller version 1.2.59210.0 for package 'MobiSystems.MobiInstaller_bvgb55c3tfatp'.
[01.27 12:57:05.081] [AppCenterBootstrapper] DependencyPackages: Starting to retrieve dependency packages from AppxManifest for the main package at URI 'https://cfg.mobisystems.com/update/com.mobisystems.windows.appx.appcenter/1.2.59210/full/MobiInstaller.Package_1.2.59210.0_x64.msix'.
[01.27 12:57:05.194] [AppCenterBootstrapper] [GA4Analytics] Sent event request for client: f2182bc0-b4bc-4feb-b71f-18d80dd951b9 and sessionId: 1737993424 in Data Stream: G-MS93CERHWX with events: installer_bootstrapper_start
[01.27 12:57:05.259] [AppCenterBootstrapper] AppxManifestReader: Bytes Range Downloaded. Offset:101974016, Length:33805
[01.27 12:57:05.309] [AppCenterBootstrapper] AppxManifestReader: Bytes Range Downloaded. Offset:101908480, Length:65536
[01.27 12:57:05.388] [AppCenterBootstrapper] AppxManifestReader: Bytes Range Downloaded. Offset:101646336, Length:65536
[01.27 12:57:05.394] [AppCenterBootstrapper] DependencyPackages: Retrieved AppxManifest dependencies for package at URI 'https://cfg.mobisystems.com/update/com.mobisystems.windows.appx.appcenter/1.2.59210/full/MobiInstaller.Package_1.2.59210.0_x64.msix':
                Name: 'Microsoft.VCLibs.140.00', MinVersion: '14.0.33519.0',
Name: 'Microsoft.VCLibs.140.00.UWPDesktop', MinVersion: '14.0.33728.0',
Name: 'Microsoft.WebView2', MinVersion: '122.0.2365.92',
Name: 'Microsoft.WindowsAppRuntime.1.5', MinVersion: '5001.70.1338.0'
[01.27 12:57:05.394] [AppCenterBootstrapper] DependencyPackages: Identified distinct dependency packages with the highest required MinVersion:
                Name: 'Microsoft.VCLibs.140.00', MinVersion: '14.0.33519.0',
Name: 'Microsoft.VCLibs.140.00.UWPDesktop', MinVersion: '14.0.33728.0',
Name: 'Microsoft.WebView2', MinVersion: '122.0.2365.92',
Name: 'Microsoft.WindowsAppRuntime.1.5', MinVersion: '5001.70.1338.0'
[01.27 12:57:05.394] [AppCenterBootstrapper] Checking installed packages for dependency with Name: 'Microsoft.VCLibs.140.00' and MinVersion: '14.0.33519.0'.
[01.27 12:57:05.405] [AppCenterBootstrapper] Installed packages for 'Microsoft.VCLibs.140.00':
Name: 'Microsoft.VCLibs.140.00', Version: 'Windows.ApplicationModel.PackageVersion', Architecture: 'X64'
Name: 'Microsoft.VCLibs.140.00', Version: 'Windows.ApplicationModel.PackageVersion', Architecture: 'X86'
Name: 'Microsoft.VCLibs.140.00', Version: 'Windows.ApplicationModel.PackageVersion', Architecture: 'X64'
[01.27 12:57:05.406] [AppCenterBootstrapper] Skipping package 'Microsoft.VCLibs.140.00' with architecture 'X86' as it does not match the current machine's architecture.
[01.27 12:57:05.406] [AppCenterBootstrapper] Package 'Microsoft.VCLibs.140.00' with version 'Windows.ApplicationModel.PackageVersion' satisfies the MinVersion requirement.
[01.27 12:57:05.406] [AppCenterBootstrapper] Checking installed packages for dependency with Name: 'Microsoft.VCLibs.140.00.UWPDesktop' and MinVersion: '14.0.33728.0'.
[01.27 12:57:05.413] [AppCenterBootstrapper] Installed packages for 'Microsoft.VCLibs.140.00.UWPDesktop':
Name: 'Microsoft.VCLibs.140.00.UWPDesktop', Version: 'Windows.ApplicationModel.PackageVersion', Architecture: 'X64'
Name: 'Microsoft.VCLibs.140.00.UWPDesktop', Version: 'Windows.ApplicationModel.PackageVersion', Architecture: 'X86'
[01.27 12:57:05.413] [AppCenterBootstrapper] Package 'Microsoft.VCLibs.140.00.UWPDesktop' with version 'Windows.ApplicationModel.PackageVersion' satisfies the MinVersion requirement.
[01.27 12:57:05.413] [AppCenterBootstrapper] Checking installed packages for dependency with Name: 'Microsoft.WebView2' and MinVersion: '122.0.2365.92'.
[01.27 12:57:05.420] [AppCenterBootstrapper] No installed packages found for 'Microsoft.WebView2'.
[01.27 12:57:05.420] [AppCenterBootstrapper] DependencyPackages: Dependency package with Name: 'Microsoft.WebView2' and MinVersion: '122.0.2365.92' is either not installed or has a MinVersion lower than the minimum required one.
[01.27 12:57:05.420] [AppCenterBootstrapper] Checking installed packages for dependency with Name: 'Microsoft.WindowsAppRuntime.1.5' and MinVersion: '5001.70.1338.0'.
[01.27 12:57:05.427] [AppCenterBootstrapper] Installed packages for 'Microsoft.WindowsAppRuntime.1.5':
Name: 'Microsoft.WindowsAppRuntime.1.5', Version: 'Windows.ApplicationModel.PackageVersion', Architecture: 'X64'
Name: 'Microsoft.WindowsAppRuntime.1.5', Version: 'Windows.ApplicationModel.PackageVersion', Architecture: 'X64'
Name: 'Microsoft.WindowsAppRuntime.1.5', Version: 'Windows.ApplicationModel.PackageVersion', Architecture: 'X64'
Name: 'Microsoft.WindowsAppRuntime.1.5', Version: 'Windows.ApplicationModel.PackageVersion', Architecture: 'X86'
Name: 'Microsoft.WindowsAppRuntime.1.5', Version: 'Windows.ApplicationModel.PackageVersion', Architecture: 'X64'
[01.27 12:57:05.427] [AppCenterBootstrapper] Package 'Microsoft.WindowsAppRuntime.1.5' with version 'Windows.ApplicationModel.PackageVersion' satisfies the MinVersion requirement.
[01.27 12:57:05.433] [AppCenterBootstrapper] InstallationsManager: Installing MobiSystems.MobiInstaller_bvgb55c3tfatp...
[01.27 12:57:08.716] [AppCenterBootstrapper] InstallationsManager.ProgressChanged: Product: MobiSystems.MobiInstaller_bvgb55c3tfatp, Progress: 0%, State: Queued, OperationStatus: Started
[01.27 12:57:08.722] [AppCenterBootstrapper] InstallationsManager.ProgressChanged: Product: MobiSystems.MobiInstaller_bvgb55c3tfatp, Progress: 0%, State: Processing, OperationStatus: Started
[01.27 12:57:09.911] [AppCenterBootstrapper] InstallationsManager.ProgressChanged: Product: MobiSystems.MobiInstaller_bvgb55c3tfatp, Progress: 1%, State: Processing, OperationStatus: Started
[01.27 12:57:11.673] [AppCenterBootstrapper] InstallationsManager.ProgressChanged: Product: MobiSystems.MobiInstaller_bvgb55c3tfatp, Progress: 2%, State: Processing, OperationStatus: Started
[01.27 12:57:11.862] [AppCenterBootstrapper] InstallationsManager.ProgressChanged: Product: MobiSystems.MobiInstaller_bvgb55c3tfatp, Progress: 3%, State: Processing, OperationStatus: Started
[01.27 12:57:11.890] [AppCenterBootstrapper] InstallationsManager.ProgressChanged: Product: MobiSystems.MobiInstaller_bvgb55c3tfatp, Progress: 4%, State: Processing, OperationStatus: Started
[01.27 12:57:12.276] [AppCenterBootstrapper] InstallationsManager.ProgressChanged: Product: MobiSystems.MobiInstaller_bvgb55c3tfatp, Progress: 5%, State: Processing, OperationStatus: Started
[01.27 12:57:12.324] [AppCenterBootstrapper] InstallationsManager.ProgressChanged: Product: MobiSystems.MobiInstaller_bvgb55c3tfatp, Progress: 6%, State: Processing, OperationStatus: Started
[01.27 12:57:12.535] [AppCenterBootstrapper] InstallationsManager.ProgressChanged: Product: MobiSystems.MobiInstaller_bvgb55c3tfatp, Progress: 7%, State: Processing, OperationStatus: Started
[01.27 12:57:12.575] [AppCenterBootstrapper] InstallationsManager.ProgressChanged: Product: MobiSystems.MobiInstaller_bvgb55c3tfatp, Progress: 8%, State: Processing, OperationStatus: Started
[01.27 12:57:13.052] [AppCenterBootstrapper] InstallationsManager.ProgressChanged: Product: MobiSystems.MobiInstaller_bvgb55c3tfatp, Progress: 9%, State: Processing, OperationStatus: Started
[01.27 12:57:13.858] [AppCenterBootstrapper] InstallationsManager.ProgressChanged: Product: MobiSystems.MobiInstaller_bvgb55c3tfatp, Progress: 10%, State: Processing, OperationStatus: Started
[01.27 12:57:13.918] [AppCenterBootstrapper] InstallationsManager.ProgressChanged: Product: MobiSystems.MobiInstaller_bvgb55c3tfatp, Progress: 11%, State: Processing, OperationStatus: Started
[01.27 12:57:14.162] [AppCenterBootstrapper] InstallationsManager.ProgressChanged: Product: MobiSystems.MobiInstaller_bvgb55c3tfatp, Progress: 12%, State: Processing, OperationStatus: Started
[01.27 12:57:14.204] [AppCenterBootstrapper] InstallationsManager.ProgressChanged: Product: MobiSystems.MobiInstaller_bvgb55c3tfatp, Progress: 13%, State: Processing, OperationStatus: Started
[01.27 12:57:14.331] [AppCenterBootstrapper] InstallationsManager.ProgressChanged: Product: MobiSystems.MobiInstaller_bvgb55c3tfatp, Progress: 14%, State: Processing, OperationStatus: Started
[01.27 12:57:14.361] [AppCenterBootstrapper] InstallationsManager.ProgressChanged: Product: MobiSystems.MobiInstaller_bvgb55c3tfatp, Progress: 15%, State: Processing, OperationStatus: Started
[01.27 12:57:15.178] [AppCenterBootstrapper] InstallationsManager.ProgressChanged: Product: MobiSystems.MobiInstaller_bvgb55c3tfatp, Progress: 16%, State: Processing, OperationStatus: Started
[01.27 12:57:15.199] [AppCenterBootstrapper] InstallationsManager.ProgressChanged: Product: MobiSystems.MobiInstaller_bvgb55c3tfatp, Progress: 17%, State: Processing, OperationStatus: Started
[01.27 12:57:15.215] [AppCenterBootstrapper] InstallationsManager.ProgressChanged: Product: MobiSystems.MobiInstaller_bvgb55c3tfatp, Progress: 18%, State: Processing, OperationStatus: Started
[01.27 12:57:15.247] [AppCenterBootstrapper] InstallationsManager.ProgressChanged: Product: MobiSystems.MobiInstaller_bvgb55c3tfatp, Progress: 19%, State: Processing, OperationStatus: Started
[01.27 12:57:15.275] [AppCenterBootstrapper] InstallationsManager.ProgressChanged: Product: MobiSystems.MobiInstaller_bvgb55c3tfatp, Progress: 20%, State: Processing, OperationStatus: Started
[01.27 12:57:15.330] [AppCenterBootstrapper] InstallationsManager.ProgressChanged: Product: MobiSystems.MobiInstaller_bvgb55c3tfatp, Progress: 21%, State: Processing, OperationStatus: Started
[01.27 12:57:15.353] [AppCenterBootstrapper] InstallationsManager.ProgressChanged: Product: MobiSystems.MobiInstaller_bvgb55c3tfatp, Progress: 22%, State: Processing, OperationStatus: Started
[01.27 12:57:15.691] [AppCenterBootstrapper] InstallationsManager.ProgressChanged: Product: MobiSystems.MobiInstaller_bvgb55c3tfatp, Progress: 23%, State: Processing, OperationStatus: Started
[01.27 12:57:15.827] [AppCenterBootstrapper] InstallationsManager.ProgressChanged: Product: MobiSystems.MobiInstaller_bvgb55c3tfatp, Progress: 24%, State: Processing, OperationStatus: Started
[01.27 12:57:15.946] [AppCenterBootstrapper] InstallationsManager.ProgressChanged: Product: MobiSystems.MobiInstaller_bvgb55c3tfatp, Progress: 25%, State: Processing, OperationStatus: Started
[01.27 12:57:16.457] [AppCenterBootstrapper] InstallationsManager.ProgressChanged: Product: MobiSystems.MobiInstaller_bvgb55c3tfatp, Progress: 26%, State: Processing, OperationStatus: Started
[01.27 12:57:16.492] [AppCenterBootstrapper] InstallationsManager.ProgressChanged: Product: MobiSystems.MobiInstaller_bvgb55c3tfatp, Progress: 27%, State: Processing, OperationStatus: Started
[01.27 12:57:16.987] [AppCenterBootstrapper] InstallationsManager.ProgressChanged: Product: MobiSystems.MobiInstaller_bvgb55c3tfatp, Progress: 28%, State: Processing, OperationStatus: Started
[01.27 12:57:17.016] [AppCenterBootstrapper] InstallationsManager.ProgressChanged: Product: MobiSystems.MobiInstaller_bvgb55c3tfatp, Progress: 29%, State: Processing, OperationStatus: Started
[01.27 12:57:17.326] [AppCenterBootstrapper] InstallationsManager.ProgressChanged: Product: MobiSystems.MobiInstaller_bvgb55c3tfatp, Progress: 30%, State: Processing, OperationStatus: Started
[01.27 12:57:17.622] [AppCenterBootstrapper] InstallationsManager.ProgressChanged: Product: MobiSystems.MobiInstaller_bvgb55c3tfatp, Progress: 31%, State: Processing, OperationStatus: Started
[01.27 12:57:17.645] [AppCenterBootstrapper] InstallationsManager.ProgressChanged: Product: MobiSystems.MobiInstaller_bvgb55c3tfatp, Progress: 32%, State: Processing, OperationStatus: Started
[01.27 12:57:17.986] [AppCenterBootstrapper] InstallationsManager.ProgressChanged: Product: MobiSystems.MobiInstaller_bvgb55c3tfatp, Progress: 33%, State: Processing, OperationStatus: Started
[01.27 12:57:18.006] [AppCenterBootstrapper] InstallationsManager.ProgressChanged: Product: MobiSystems.MobiInstaller_bvgb55c3tfatp, Progress: 34%, State: Processing, OperationStatus: Started
[01.27 12:57:18.319] [AppCenterBootstrapper] InstallationsManager.ProgressChanged: Product: MobiSystems.MobiInstaller_bvgb55c3tfatp, Progress: 35%, State: Processing, OperationStatus: Started
[01.27 12:57:18.342] [AppCenterBootstrapper] InstallationsManager.ProgressChanged: Product: MobiSystems.MobiInstaller_bvgb55c3tfatp, Progress: 36%, State: Processing, OperationStatus: Started
[01.27 12:57:18.847] [AppCenterBootstrapper] InstallationsManager.ProgressChanged: Product: MobiSystems.MobiInstaller_bvgb55c3tfatp, Progress: 37%, State: Processing, OperationStatus: Started
[01.27 12:57:19.105] [AppCenterBootstrapper] InstallationsManager.ProgressChanged: Product: MobiSystems.MobiInstaller_bvgb55c3tfatp, Progress: 38%, State: Processing, OperationStatus: Started
[01.27 12:57:19.125] [AppCenterBootstrapper] InstallationsManager.ProgressChanged: Product: MobiSystems.MobiInstaller_bvgb55c3tfatp, Progress: 39%, State: Processing, OperationStatus: Started
[01.27 12:57:19.627] [AppCenterBootstrapper] InstallationsManager.ProgressChanged: Product: MobiSystems.MobiInstaller_bvgb55c3tfatp, Progress: 40%, State: Processing, OperationStatus: Started
[01.27 12:57:19.659] [AppCenterBootstrapper] InstallationsManager.ProgressChanged: Product: MobiSystems.MobiInstaller_bvgb55c3tfatp, Progress: 41%, State: Processing, OperationStatus: Started
[01.27 12:57:19.978] [AppCenterBootstrapper] InstallationsManager.ProgressChanged: Product: MobiSystems.MobiInstaller_bvgb55c3tfatp, Progress: 42%, State: Processing, OperationStatus: Started
[01.27 12:57:19.996] [AppCenterBootstrapper] InstallationsManager.ProgressChanged: Product: MobiSystems.MobiInstaller_bvgb55c3tfatp, Progress: 43%, State: Processing, OperationStatus: Started
[01.27 12:57:20.338] [AppCenterBootstrapper] InstallationsManager.ProgressChanged: Product: MobiSystems.MobiInstaller_bvgb55c3tfatp, Progress: 44%, State: Processing, OperationStatus: Started
[01.27 12:57:20.599] [AppCenterBootstrapper] InstallationsManager.ProgressChanged: Product: MobiSystems.MobiInstaller_bvgb55c3tfatp, Progress: 45%, State: Processing, OperationStatus: Started
[01.27 12:57:20.620] [AppCenterBootstrapper] InstallationsManager.ProgressChanged: Product: MobiSystems.MobiInstaller_bvgb55c3tfatp, Progress: 46%, State: Processing, OperationStatus: Started
[01.27 12:57:21.263] [AppCenterBootstrapper] InstallationsManager.ProgressChanged: Product: MobiSystems.MobiInstaller_bvgb55c3tfatp, Progress: 47%, State: Processing, OperationStatus: Started
[01.27 12:57:21.294] [AppCenterBootstrapper] InstallationsManager.ProgressChanged: Product: MobiSystems.MobiInstaller_bvgb55c3tfatp, Progress: 48%, State: Processing, OperationStatus: Started
[01.27 12:57:21.940] [AppCenterBootstrapper] InstallationsManager.ProgressChanged: Product: MobiSystems.MobiInstaller_bvgb55c3tfatp, Progress: 49%, State: Processing, OperationStatus: Started
[01.27 12:57:21.979] [AppCenterBootstrapper] InstallationsManager.ProgressChanged: Product: MobiSystems.MobiInstaller_bvgb55c3tfatp, Progress: 50%, State: Processing, OperationStatus: Started
[01.27 12:57:22.566] [AppCenterBootstrapper] InstallationsManager.ProgressChanged: Product: MobiSystems.MobiInstaller_bvgb55c3tfatp, Progress: 51%, State: Processing, OperationStatus: Started
[01.27 12:57:22.965] [AppCenterBootstrapper] InstallationsManager.ProgressChanged: Product: MobiSystems.MobiInstaller_bvgb55c3tfatp, Progress: 52%, State: Processing, OperationStatus: Started
[01.27 12:57:23.015] [AppCenterBootstrapper] InstallationsManager.ProgressChanged: Product: MobiSystems.MobiInstaller_bvgb55c3tfatp, Progress: 53%, State: Processing, OperationStatus: Started
[01.27 12:57:23.614] [AppCenterBootstrapper] InstallationsManager.ProgressChanged: Product: MobiSystems.MobiInstaller_bvgb55c3tfatp, Progress: 54%, State: Processing, OperationStatus: Started
[01.27 12:57:23.647] [AppCenterBootstrapper] InstallationsManager.ProgressChanged: Product: MobiSystems.MobiInstaller_bvgb55c3tfatp, Progress: 55%, State: Processing, OperationStatus: Started
[01.27 12:57:23.981] [AppCenterBootstrapper] InstallationsManager.ProgressChanged: Product: MobiSystems.MobiInstaller_bvgb55c3tfatp, Progress: 56%, State: Processing, OperationStatus: Started
[01.27 12:57:24.001] [AppCenterBootstrapper] InstallationsManager.ProgressChanged: Product: MobiSystems.MobiInstaller_bvgb55c3tfatp, Progress: 57%, State: Processing, OperationStatus: Started
[01.27 12:57:24.393] [AppCenterBootstrapper] InstallationsManager.ProgressChanged: Product: MobiSystems.MobiInstaller_bvgb55c3tfatp, Progress: 58%, State: Processing, OperationStatus: Started
[01.27 12:57:24.415] [AppCenterBootstrapper] InstallationsManager.ProgressChanged: Product: MobiSystems.MobiInstaller_bvgb55c3tfatp, Progress: 59%, State: Processing, OperationStatus: Started
[01.27 12:57:24.965] [AppCenterBootstrapper] InstallationsManager.ProgressChanged: Product: MobiSystems.MobiInstaller_bvgb55c3tfatp, Progress: 60%, State: Processing, OperationStatus: Started
[01.27 12:57:25.338] [AppCenterBootstrapper] InstallationsManager.ProgressChanged: Product: MobiSystems.MobiInstaller_bvgb55c3tfatp, Progress: 61%, State: Processing, OperationStatus: Started
[01.27 12:57:25.358] [AppCenterBootstrapper] InstallationsManager.ProgressChanged: Product: MobiSystems.MobiInstaller_bvgb55c3tfatp, Progress: 62%, State: Processing, OperationStatus: Started
[01.27 12:57:25.673] [AppCenterBootstrapper] InstallationsManager.ProgressChanged: Product: MobiSystems.MobiInstaller_bvgb55c3tfatp, Progress: 63%, State: Processing, OperationStatus: Started
[01.27 12:57:25.692] [AppCenterBootstrapper] InstallationsManager.ProgressChanged: Product: MobiSystems.MobiInstaller_bvgb55c3tfatp, Progress: 64%, State: Processing, OperationStatus: Started
[01.27 12:57:25.937] [AppCenterBootstrapper] InstallationsManager.ProgressChanged: Product: MobiSystems.MobiInstaller_bvgb55c3tfatp, Progress: 65%, State: Processing, OperationStatus: Started
[01.27 12:57:25.991] [AppCenterBootstrapper] InstallationsManager.ProgressChanged: Product: MobiSystems.MobiInstaller_bvgb55c3tfatp, Progress: 66%, State: Processing, OperationStatus: Started
[01.27 12:57:26.251] [AppCenterBootstrapper] InstallationsManager.ProgressChanged: Product: MobiSystems.MobiInstaller_bvgb55c3tfatp, Progress: 67%, State: Processing, OperationStatus: Started
[01.27 12:57:26.780] [AppCenterBootstrapper] InstallationsManager.ProgressChanged: Product: MobiSystems.MobiInstaller_bvgb55c3tfatp, Progress: 68%, State: Processing, OperationStatus: Started
[01.27 12:57:26.834] [AppCenterBootstrapper] InstallationsManager.ProgressChanged: Product: MobiSystems.MobiInstaller_bvgb55c3tfatp, Progress: 69%, State: Processing, OperationStatus: Started
[01.27 12:57:27.314] [AppCenterBootstrapper] InstallationsManager.ProgressChanged: Product: MobiSystems.MobiInstaller_bvgb55c3tfatp, Progress: 70%, State: Processing, OperationStatus: Started
[01.27 12:57:27.351] [AppCenterBootstrapper] InstallationsManager.ProgressChanged: Product: MobiSystems.MobiInstaller_bvgb55c3tfatp, Progress: 71%, State: Processing, OperationStatus: Started
[01.27 12:57:27.762] [AppCenterBootstrapper] InstallationsManager.ProgressChanged: Product: MobiSystems.MobiInstaller_bvgb55c3tfatp, Progress: 72%, State: Processing, OperationStatus: Started
[01.27 12:57:27.785] [AppCenterBootstrapper] InstallationsManager.ProgressChanged: Product: MobiSystems.MobiInstaller_bvgb55c3tfatp, Progress: 73%, State: Processing, OperationStatus: Started
[01.27 12:57:28.462] [AppCenterBootstrapper] InstallationsManager.ProgressChanged: Product: MobiSystems.MobiInstaller_bvgb55c3tfatp, Progress: 74%, State: Processing, OperationStatus: Started
[01.27 12:57:28.821] [AppCenterBootstrapper] InstallationsManager.ProgressChanged: Product: MobiSystems.MobiInstaller_bvgb55c3tfatp, Progress: 75%, State: Processing, OperationStatus: Started
[01.27 12:57:28.844] [AppCenterBootstrapper] InstallationsManager.ProgressChanged: Product: MobiSystems.MobiInstaller_bvgb55c3tfatp, Progress: 76%, State: Processing, OperationStatus: Started
[01.27 12:57:29.154] [AppCenterBootstrapper] InstallationsManager.ProgressChanged: Product: MobiSystems.MobiInstaller_bvgb55c3tfatp, Progress: 77%, State: Processing, OperationStatus: Started
[01.27 12:57:29.177] [AppCenterBootstrapper] InstallationsManager.ProgressChanged: Product: MobiSystems.MobiInstaller_bvgb55c3tfatp, Progress: 78%, State: Processing, OperationStatus: Started
[01.27 12:57:29.438] [AppCenterBootstrapper] InstallationsManager.ProgressChanged: Product: MobiSystems.MobiInstaller_bvgb55c3tfatp, Progress: 79%, State: Processing, OperationStatus: Started
[01.27 12:57:29.458] [AppCenterBootstrapper] InstallationsManager.ProgressChanged: Product: MobiSystems.MobiInstaller_bvgb55c3tfatp, Progress: 80%, State: Processing, OperationStatus: Started
[01.27 12:57:29.925] [AppCenterBootstrapper] InstallationsManager.ProgressChanged: Product: MobiSystems.MobiInstaller_bvgb55c3tfatp, Progress: 81%, State: Processing, OperationStatus: Started
[01.27 12:57:30.562] [AppCenterBootstrapper] InstallationsManager.ProgressChanged: Product: MobiSystems.MobiInstaller_bvgb55c3tfatp, Progress: 82%, State: Processing, OperationStatus: Started
[01.27 12:57:30.601] [AppCenterBootstrapper] InstallationsManager.ProgressChanged: Product: MobiSystems.MobiInstaller_bvgb55c3tfatp, Progress: 83%, State: Processing, OperationStatus: Started
[01.27 12:57:30.796] [AppCenterBootstrapper] InstallationsManager.ProgressChanged: Product: MobiSystems.MobiInstaller_bvgb55c3tfatp, Progress: 84%, State: Processing, OperationStatus: Started
[01.27 12:57:30.823] [AppCenterBootstrapper] InstallationsManager.ProgressChanged: Product: MobiSystems.MobiInstaller_bvgb55c3tfatp, Progress: 85%, State: Processing, OperationStatus: Started
[01.27 12:57:31.247] [AppCenterBootstrapper] InstallationsManager.ProgressChanged: Product: MobiSystems.MobiInstaller_bvgb55c3tfatp, Progress: 86%, State: Processing, OperationStatus: Started
[01.27 12:57:31.287] [AppCenterBootstrapper] InstallationsManager.ProgressChanged: Product: MobiSystems.MobiInstaller_bvgb55c3tfatp, Progress: 87%, State: Processing, OperationStatus: Started
[01.27 12:57:31.313] [AppCenterBootstrapper] InstallationsManager.ProgressChanged: Product: MobiSystems.MobiInstaller_bvgb55c3tfatp, Progress: 89%, State: Processing, OperationStatus: Started
[01.27 12:57:31.325] [AppCenterBootstrapper] InstallationsManager.ProgressChanged: Product: MobiSystems.MobiInstaller_bvgb55c3tfatp, Progress: 90%, State: Processing, OperationStatus: Started
[01.27 12:57:31.335] [AppCenterBootstrapper] InstallationsManager.ProgressChanged: Product: MobiSystems.MobiInstaller_bvgb55c3tfatp, Progress: 91%, State: Processing, OperationStatus: Started
[01.27 12:57:31.344] [AppCenterBootstrapper] InstallationsManager.ProgressChanged: Product: MobiSystems.MobiInstaller_bvgb55c3tfatp, Progress: 92%, State: Processing, OperationStatus: Started
[01.27 12:57:31.356] [AppCenterBootstrapper] InstallationsManager.ProgressChanged: Product: MobiSystems.MobiInstaller_bvgb55c3tfatp, Progress: 93%, State: Processing, OperationStatus: Started
[01.27 12:57:31.382] [AppCenterBootstrapper] InstallationsManager.ProgressChanged: Product: MobiSystems.MobiInstaller_bvgb55c3tfatp, Progress: 94%, State: Processing, OperationStatus: Started
[01.27 12:57:31.394] [AppCenterBootstrapper] InstallationsManager.ProgressChanged: Product: MobiSystems.MobiInstaller_bvgb55c3tfatp, Progress: 95%, State: Processing, OperationStatus: Started
[01.27 12:57:31.413] [AppCenterBootstrapper] InstallationsManager.ProgressChanged: Product: MobiSystems.MobiInstaller_bvgb55c3tfatp, Progress: 96%, State: Processing, OperationStatus: Started
[01.27 12:57:31.419] [AppCenterBootstrapper] InstallationsManager.ProgressChanged: Product: MobiSystems.MobiInstaller_bvgb55c3tfatp, Progress: 97%, State: Processing, OperationStatus: Started
[01.27 12:57:31.535] [AppCenterBootstrapper] InstallationsManager.ProgressChanged: Product: MobiSystems.MobiInstaller_bvgb55c3tfatp, Progress: 98%, State: Processing, OperationStatus: Started
[01.27 12:57:32.024] [AppCenterBootstrapper] InstallationsManager.ProgressChanged: Product: MobiSystems.MobiInstaller_bvgb55c3tfatp, Progress: 99%, State: Processing, OperationStatus: Started
[01.27 12:57:32.632] [AppCenterBootstrapper] InstallationsManager.ProgressChanged: Product: MobiSystems.MobiInstaller_bvgb55c3tfatp, Progress: 99%, State: Processing, OperationStatus: Started
[01.27 12:57:32.898] [AppCenterBootstrapper] InstallationsManager.ProgressChanged: Product: MobiSystems.MobiInstaller_bvgb55c3tfatp, Progress: 100%, State: Processing, OperationStatus: Completed
[01.27 12:57:32.918] [AppCenterBootstrapper] InstallationsManager: Installation of MobiSystems.MobiInstaller_bvgb55c3tfatp finished.
[01.27 12:57:33.818] [ExecutableRunner] MobiInstaller launched successfully.
[01.27 12:57:34.103] [AppCenterBootstrapper] [GA4Analytics] Sent event request for client: f2182bc0-b4bc-4feb-b71f-18d80dd951b9 and sessionId: 1737993424 in Data Stream: G-MS93CERHWX with events: installer_bootstrapper_success
